[debug] [2022-03-18T18:01:28.089Z] ----------------------------------------------------------------------
[debug] [2022-03-18T18:01:28.094Z] Command:       C:\Program Files\nodejs\node.exe C:\Users\tasdi\AppData\Roaming\npm\node_modules\firebase-tools\lib\bin\firebase.js init
[debug] [2022-03-18T18:01:28.096Z] CLI Version:   10.0.1
[debug] [2022-03-18T18:01:28.096Z] Platform:      win32
[debug] [2022-03-18T18:01:28.096Z] Node Version:  v16.13.1
[debug] [2022-03-18T18:01:28.123Z] Time:          Sat Mar 19 2022 00:01:28 GMT+0600 (Bangladesh Standard Time)
[debug] [2022-03-18T18:01:28.124Z] ----------------------------------------------------------------------
[debug] 
[debug] [2022-03-18T18:01:28.130Z] >>> [apiv2][query] GET https://firebase-public.firebaseio.com/cli.json [none]
[debug] [2022-03-18T18:01:28.378Z] > command requires scopes: ["email","openid","https://www.googleapis.com/auth/cloudplatformprojects.readonly","https://www.googleapis.com/auth/firebase","https://www.googleapis.com/auth/cloud-platform"]
[debug] [2022-03-18T18:01:28.379Z] > authorizing via signed-in user (tasdid110@gmail.com)
[info] 
     ######## #### ########  ######## ########     ###     ######  ########
     ##        ##  ##     ## ##       ##     ##  ##   ##  ##       ##
     ######    ##  ########  ######   ########  #########  ######  ######
     ##        ##  ##    ##  ##       ##     ## ##     ##       ## ##
     ##       #### ##     ## ######## ########  ##     ##  ######  ########

You're about to initialize a Firebase project in this directory:

  C:\Users\tasdi\Desktop\testdeploy

Before we get started, keep in mind:

  * You are initializing within an existing Firebase project directory

[debug] [2022-03-18T18:01:29.368Z] <<< [apiv2][status] GET https://firebase-public.firebaseio.com/cli.json 200
[debug] [2022-03-18T18:01:29.369Z] <<< [apiv2][body] GET https://firebase-public.firebaseio.com/cli.json {"cloudBuildErrorAfter":1594252800000,"cloudBuildWarnAfter":1590019200000,"defaultNode10After":1594252800000,"minVersion":"3.0.5","node8DeploysDisabledAfter":1613390400000,"node8RuntimeDisabledAfter":1615809600000,"node8WarnAfter":1600128000000}
[info] 
=== Project Setup
[info] 
[info] First, let's associate this project directory with a Firebase project.
[info] You can create multiple project aliases by running firebase use --add, 
[info] but for now we'll just set up a default project.
[info] 
[debug] [2022-03-18T18:01:34.223Z] Using project from CLI flag: testtestdeploy
[debug] [2022-03-18T18:01:34.227Z] >>> [apiv2][query] GET https://firebase.googleapis.com/v1beta1/projects/testtestdeploy [none]
[debug] [2022-03-18T18:01:34.745Z] <<< [apiv2][status] GET https://firebase.googleapis.com/v1beta1/projects/testtestdeploy 200
[debug] [2022-03-18T18:01:34.745Z] <<< [apiv2][body] GET https://firebase.googleapis.com/v1beta1/projects/testtestdeploy {"projectId":"testtestdeploy","projectNumber":"463425185165","displayName":"testtestdeploy","name":"projects/testtestdeploy","resources":{"hostingSite":"testtestdeploy"},"state":"ACTIVE"}
[info] i  Using project testtestdeploy (testtestdeploy) 
[info] 
=== Hosting:github Setup
[info] 
[info] i  Detected a .git folder at C:\Users\tasdi\Desktop\testdeploy 
[info] i  Authorizing with GitHub to upload your service account to a GitHub repository's secrets store. 
[info] 
[info] Visit this URL on this device to log in:
[info] https://github.com/login/oauth/authorize?client_id=89cf50f02ac6aaed3484&state=301716606&redirect_uri=http%3A%2F%2Flocalhost%3A9005&scope=read%3Auser%20repo%20public_repo
[info] 
[info] Waiting for authentication...
[debug] [2022-03-18T18:01:46.226Z] >>> HTTP REQUEST POST https://github.com/login/oauth/access_token  
 {"client_id":"89cf50f02ac6aaed3484","client_secret":"3330d14abc895d9a74d5f17cd7a00711fa2c5bf0","code":"87ff82a4f8855060c00f","redirect_uri":"http://localhost:9005","state":"301716606"}
[debug] [2022-03-18T18:01:46.835Z] <<< HTTP RESPONSE 200 {"server":"GitHub.com","date":"Fri, 18 Mar 2022 18:01:48 GMT","content-type":"application/json; charset=utf-8","transfer-encoding":"chunked","vary":"X-PJAX, X-PJAX-Container, Accept-Encoding, Accept, X-Requested-With","permissions-policy":"interest-cohort=()","etag":"W/\"32f4b83ae3cfab3917017fb0ade96a42\"","cache-control":"max-age=0, private, must-revalidate","strict-transport-security":"max-age=31536000; includeSubdomains; preload","x-frame-options":"deny","x-content-type-options":"nosniff","x-xss-protection":"0","referrer-policy":"origin-when-cross-origin, strict-origin-when-cross-origin","expect-ct":"max-age=2592000, report-uri=\"https://api.github.com/_private/browser/errors\"","content-security-policy":"default-src 'none'; base-uri 'self'; block-all-mixed-content; child-src github.com/assets-cdn/worker/ gist.github.com/assets-cdn/worker/; connect-src 'self' uploads.github.com objects-origin.githubusercontent.com www.githubstatus.com collector.githubapp.com collector.github.com api.github.com github-cloud.s3.amazonaws.com github-production-repository-file-5c1aeb.s3.amazonaws.com github-production-upload-manifest-file-7fdce7.s3.amazonaws.com github-production-user-asset-6210df.s3.amazonaws.com cdn.optimizely.com logx.optimizely.com/v1/events translator.github.com wss://alive.github.com; font-src github.githubassets.com; form-action 'self' github.com gist.github.com objects-origin.githubusercontent.com; frame-ancestors 'none'; frame-src render.githubusercontent.com viewscreen.githubusercontent.com notebooks.githubusercontent.com; img-src 'self' data: github.githubassets.com identicons.github.com collector.githubapp.com collector.github.com github-cloud.s3.amazonaws.com secured-user-images.githubusercontent.com/ *.githubusercontent.com; manifest-src 'self'; media-src github.com user-images.githubusercontent.com/; script-src github.githubassets.com; style-src 'unsafe-inline' github.githubassets.com; worker-src github.com/assets-cdn/worker/ gist.github.com/assets-cdn/worker/","x-github-request-id":"E9DA:172C:1EFE3:649D0:6234C90C"}
[debug] [2022-03-18T18:01:46.915Z] >>> [apiv2][query] GET https://api.github.com/user [none]
[debug] [2022-03-18T18:01:47.497Z] <<< [apiv2][status] GET https://api.github.com/user 200
[debug] [2022-03-18T18:01:47.497Z] <<< [apiv2][body] GET https://api.github.com/user {"login":"zinx110","id":91798875,"node_id":"U_kgDOBXi9Ww","avatar_url":"https://avatars.githubusercontent.com/u/91798875?v=4","gravatar_id":"","url":"https://api.github.com/users/zinx110","html_url":"https://github.com/zinx110","followers_url":"https://api.github.com/users/zinx110/followers","following_url":"https://api.github.com/users/zinx110/following{/other_user}","gists_url":"https://api.github.com/users/zinx110/gists{/gist_id}","starred_url":"https://api.github.com/users/zinx110/starred{/owner}{/repo}","subscriptions_url":"https://api.github.com/users/zinx110/subscriptions","organizations_url":"https://api.github.com/users/zinx110/orgs","repos_url":"https://api.github.com/users/zinx110/repos","events_url":"https://api.github.com/users/zinx110/events{/privacy}","received_events_url":"https://api.github.com/users/zinx110/received_events","type":"User","site_admin":false,"name":"zinx","company":null,"blog":"","location":null,"email":"tasdid110@gmail.com","hireable":null,"bio":null,"twitter_username":null,"public_repos":25,"public_gists":0,"followers":2,"following":4,"created_at":"2021-10-02T17:35:36Z","updated_at":"2022-02-19T18:07:32Z","private_gists":0,"total_private_repos":0,"owned_private_repos":0,"disk_usage":57486,"collaborators":0,"two_factor_authentication":false,"plan":{"name":"free","space":976562499,"collaborators":0,"private_repos":10000}}
[info] 
[info] +  Success! Logged into GitHub as zinx110 
[info] 
